<?xml version="1.0" encoding="UTF-8"?>
<!-- Generated by org.testng.reporters.JUnitReportReporter -->
<testsuite hostname="Robin" failures="0" tests="4" name="com.actitime.basics.LearnDDT" time="20.249" errors="0" timestamp="2025-05-08T12:34:14 IST" skipped="0">
  <testcase classname="com.actitime.basics.LearnDDT" name="login" time="4.996"/>
  <testcase classname="com.actitime.basics.LearnDDT" name="login" time="4.410"/>
  <testcase classname="com.actitime.basics.LearnDDT" name="login" time="5.932"/>
  <testcase classname="com.actitime.basics.LearnDDT" name="login" time="4.911"/>
</testsuite> <!-- com.actitime.basics.LearnDDT -->
